<?xml version="1.0" encoding="utf-8"?><testsuites name="pytest tests"><testsuite name="pytest" errors="0" failures="0" skipped="0" tests="22" time="8.319" timestamp="2026-05-20T14:05:09.561068+00:00" hostname="agent-env-992f0207-8d95-4ec8-8196-6e90106fef2b"><testcase classname="backend.tests.backend_test" name="test_health" time="0.157" /><testcase classname="backend.tests.backend_test" name="test_root" time="0.068" /><testcase classname="backend.tests.backend_test.TestKYC" name="test_kyc_valid" time="0.098" /><testcase classname="backend.tests.backend_test.TestKYC" name="test_kyc_invalid_phone" time="0.073" /><testcase classname="backend.tests.backend_test.TestKYC" name="test_kyc_invalid_aadhaar" time="0.070" /><testcase classname="backend.tests.backend_test.TestKYC" name="test_kyc_short_name" time="0.069" /><testcase classname="backend.tests.backend_test.TestComplaints" name="test_create_smoking_complaint" time="3.166" /><testcase classname="backend.tests.backend_test.TestComplaints" name="test_create_cleanliness_with_photo" time="1.494" /><testcase classname="backend.tests.backend_test.TestComplaints" name="test_list_complaints_no_photo_field" time="0.073" /><testcase classname="backend.tests.backend_test.TestComplaints" name="test_list_complaints_category_filter" time="0.069" /><testcase classname="backend.tests.backend_test.TestComplaints" name="test_get_complaint_photo" time="0.070" /><testcase classname="backend.tests.backend_test.TestComplaints" name="test_get_complaint_photo_missing" time="0.070" /><testcase classname="backend.tests.backend_test.TestComplaints" name="test_complaint_stats" time="0.071" /><testcase classname="backend.tests.backend_test.TestComplaints" name="test_update_status_requires_pin" time="0.079" /><testcase classname="backend.tests.backend_test.TestComplaints" name="test_update_status_with_pin" time="0.216" /><testcase classname="backend.tests.backend_test.TestComplaints" name="test_update_status_not_found" time="0.133" /><testcase classname="backend.tests.backend_test.TestAdmin" name="test_admin_auth_correct" time="0.070" /><testcase classname="backend.tests.backend_test.TestAdmin" name="test_admin_auth_wrong" time="0.074" /><testcase classname="backend.tests.backend_test.TestAdmin" name="test_sms_log_requires_pin" time="0.070" /><testcase classname="backend.tests.backend_test.TestAdmin" name="test_sms_log_with_pin" time="0.151" /><testcase classname="backend.tests.backend_test" name="test_sos" time="0.098" /><testcase classname="backend.tests.backend_test" name="test_ai_tip" time="1.593" /></testsuite></testsuites>