<?xml version="1.0" encoding="utf-8"?><testsuites name="pytest tests"><testsuite name="pytest" errors="0" failures="1" skipped="0" tests="43" time="20.125" timestamp="2026-05-20T14:30:53.334892+00:00" hostname="agent-env-992f0207-8d95-4ec8-8196-6e90106fef2b"><testcase classname="backend.tests.backend_test" name="test_health" time="0.332" /><testcase classname="backend.tests.backend_test" name="test_root" time="0.121" /><testcase classname="backend.tests.backend_test.TestKYC" name="test_kyc_valid" time="0.122" /><testcase classname="backend.tests.backend_test.TestKYC" name="test_kyc_invalid_phone" time="0.123" /><testcase classname="backend.tests.backend_test.TestKYC" name="test_kyc_invalid_aadhaar" time="0.123" /><testcase classname="backend.tests.backend_test.TestKYC" name="test_kyc_short_name" time="0.119" /><testcase classname="backend.tests.backend_test.TestComplaints" name="test_create_smoking_complaint" time="3.053" /><testcase classname="backend.tests.backend_test.TestComplaints" name="test_create_cleanliness_with_photo" time="1.838" /><testcase classname="backend.tests.backend_test.TestComplaints" name="test_list_complaints_no_photo_field" time="0.135" /><testcase classname="backend.tests.backend_test.TestComplaints" name="test_list_complaints_category_filter" time="0.206" /><testcase classname="backend.tests.backend_test.TestComplaints" name="test_get_complaint_photo" time="0.128" /><testcase classname="backend.tests.backend_test.TestComplaints" name="test_get_complaint_photo_missing" time="0.137" /><testcase classname="backend.tests.backend_test.TestComplaints" name="test_complaint_stats" time="0.141" /><testcase classname="backend.tests.backend_test.TestComplaints" name="test_update_status_requires_pin" time="0.127" /><testcase classname="backend.tests.backend_test.TestComplaints" name="test_update_status_with_pin" time="0.527" /><testcase classname="backend.tests.backend_test.TestComplaints" name="test_update_status_not_found" time="0.175" /><testcase classname="backend.tests.backend_test.TestAdmin" name="test_admin_auth_correct" time="0.209" /><testcase classname="backend.tests.backend_test.TestAdmin" name="test_admin_auth_wrong" time="0.498" /><testcase classname="backend.tests.backend_test.TestAdmin" name="test_sms_log_requires_pin" time="0.146" /><testcase classname="backend.tests.backend_test.TestAdmin" name="test_sms_log_with_pin" time="0.202" /><testcase classname="backend.tests.backend_test" name="test_sos" time="0.133"><failure message="assert False&#10; +  where False = any(&lt;generator object test_sos.&lt;locals&gt;.&lt;genexpr&gt; at 0xf8a16fcd97d0&gt;)">backend/tests/backend_test.py:194: in test_sos
    assert any("RPF" in s for s in d.get("sms_to", []))
E   assert False
E    +  where False = any(&lt;generator object test_sos.&lt;locals&gt;.&lt;genexpr&gt; at 0xf8a16fcd97d0&gt;)</failure></testcase><testcase classname="backend.tests.backend_test" name="test_ai_tip" time="1.558" /><testcase classname="backend.tests.test_v2_features.TestFood" name="test_vendors_list" time="0.183" /><testcase classname="backend.tests.test_v2_features.TestFood" name="test_vendors_filter_station" time="0.114" /><testcase classname="backend.tests.test_v2_features.TestFood" name="test_recommendations_sections" time="0.982" /><testcase classname="backend.tests.test_v2_features.TestFood" name="test_menu" time="0.118" /><testcase classname="backend.tests.test_v2_features.TestFood" name="test_create_order" time="0.131" /><testcase classname="backend.tests.test_v2_features.TestFood" name="test_order_invalid_vendor" time="0.114" /><testcase classname="backend.tests.test_v2_features.TestFood" name="test_get_order_live" time="0.108" /><testcase classname="backend.tests.test_v2_features.TestHomeFoods" name="test_register_cook_valid" time="0.114" /><testcase classname="backend.tests.test_v2_features.TestHomeFoods" name="test_register_cook_invalid_phone" time="0.110" /><testcase classname="backend.tests.test_v2_features.TestHomeFoods" name="test_list_cooks_seeded" time="0.113" /><testcase classname="backend.tests.test_v2_features.TestHomeFoods" name="test_cook_menu_seeded" time="0.132" /><testcase classname="backend.tests.test_v2_features.TestHomeFoods" name="test_cook_insights" time="2.490" /><testcase classname="backend.tests.test_v2_features.TestHomeFoods" name="test_cook_insights_404" time="0.113" /><testcase classname="backend.tests.test_v2_features.TestStationHub" name="test_hub_ndls" time="1.402" /><testcase classname="backend.tests.test_v2_features.TestStationHub" name="test_hub_cstm" time="1.196" /><testcase classname="backend.tests.test_v2_features.TestStationHub" name="test_hub_unknown_fallback" time="0.123" /><testcase classname="backend.tests.test_v2_features.TestPNR" name="test_pnr_valid_deterministic" time="0.196" /><testcase classname="backend.tests.test_v2_features.TestPNR" name="test_pnr_invalid" time="0.101" /><testcase classname="backend.tests.test_v2_features.TestTrain" name="test_live_12951" time="0.118" /><testcase classname="backend.tests.test_v2_features.TestTrain" name="test_live_fallback_route" time="0.108" /><testcase classname="backend.tests.test_v2_features" name="test_ai_chat" time="1.648" /></testsuite></testsuites>